#-----------------------------------------------------------
# Vivado v2021.1 (64-bit)
# SW Build 3247384 on Thu Jun 10 19:36:33 MDT 2021
# IP Build 3246043 on Fri Jun 11 00:30:35 MDT 2021
# Start of session at: Mon Jan  3 11:20:26 2022
# Process ID: 24256
# Current directory: D:/Nijssen_Cederic/download/PMODI2S2/project_1
# Command line: vivado.exe -gui_launcher_event rodinguilauncherevent26884 D:\Nijssen_Cederic\download\PMODI2S2\project_1\project_1.xpr
# Log file: D:/Nijssen_Cederic/download/PMODI2S2/project_1/vivado.log
# Journal file: D:/Nijssen_Cederic/download/PMODI2S2/project_1\vivado.jou
#-----------------------------------------------------------
start_gui
open_project D:/Nijssen_Cederic/download/PMODI2S2/project_1/project_1.xpr
INFO: [Project 1-313] Project file moved from 'C:/devWorks/pmodi2s2/project_1' since last save.
WARNING: [filemgmt 56-2] Board Part Repository Path: Could not find the directory 'D:/Nijssen_Cederic/Users/20002890/AppData/Roaming/Xilinx/Vivado/2021.1/xhub/board_store/xilinx_board_store', nor could it be found using path 'C:/Users/20002890/AppData/Roaming/Xilinx/Vivado/2021.1/xhub/board_store/xilinx_board_store'.
WARNING: [filemgmt 56-2] Board Part Repository Path: Could not find the directory 'D:/Nijssen_Cederic/Users/20002890/AppData/Roaming/Xilinx/Vivado/2020.2/xhub/board_store/xilinx_board_store', nor could it be found using path 'C:/Users/20002890/AppData/Roaming/Xilinx/Vivado/2020.2/xhub/board_store/xilinx_board_store'.
WARNING: [filemgmt 56-2] Board Part Repository Path: Could not find the directory 'D:/Nijssen_Cederic/Users/20002890/AppData/Roaming/Xilinx/Vivado/2020.1/xhub/board_store/xilinx_board_store', nor could it be found using path 'C:/Users/20002890/AppData/Roaming/Xilinx/Vivado/2020.1/xhub/board_store/xilinx_board_store'.
WARNING: [filemgmt 56-2] Board Part Repository Path: Could not find the directory 'D:/Nijssen_Cederic/Users/20002890/AppData/Roaming/Xilinx/Vivado/2019.2/xhub/board_store', nor could it be found using path 'C:/Users/20002890/AppData/Roaming/Xilinx/Vivado/2019.2/xhub/board_store'.
WARNING: [filemgmt 56-2] Board Part Repository Path: Could not find the directory 'D:/Nijssen_Cederic/Users/20002890/AppData/Roaming/Xilinx/Vivado/2019.1/xhub/board_store', nor could it be found using path 'C:/Users/20002890/AppData/Roaming/Xilinx/Vivado/2019.1/xhub/board_store'.
Scanning sources...
Finished scanning sources
CRITICAL WARNING: [Board 49-67] The board_part definition was not found for avnet.com:minized:part0:1.2. This can happen sometimes when you use custom board part. You can resolve this issue by setting 'board.repoPaths' parameter, pointing to the location of custom board files. Valid board_part values can be retrieved with the 'get_board_parts' Tcl command.
INFO: [IP_Flow 19-234] Refreshing IP repositories
INFO: [IP_Flow 19-1704] No user IP repositories specified
INFO: [IP_Flow 19-2313] Loaded Vivado IP repository 'D:/Programmas/xilinx/Vivado/2021.1/data/ip'.
WARNING: [BD 41-1661] One or more IPs have been locked in the design 'design_1.bd'. Please run report_ip_status for more details and recommendations on how to fix this issue.
List of locked IPs:
design_1_clk_wiz_0_0

open_project: Time (s): cpu = 00:00:24 ; elapsed = 00:00:14 . Memory (MB): peak = 1552.641 ; gain = 0.000
open_bd_design {D:/Nijssen_Cederic/download/PMODI2S2/project_1/project_1.srcs/sources_1/bd/design_1/design_1.bd}
Reading block design file <D:/Nijssen_Cederic/download/PMODI2S2/project_1/project_1.srcs/sources_1/bd/design_1/design_1.bd>...
Adding component instance block -- xilinx.com:module_ref:i2s_transceiver:1.0 - i2s_transceiver_0
Adding component instance block -- xilinx.com:ip:clk_wiz:6.0 - clk_wiz_0
Adding component instance block -- xilinx.com:ip:xlconcat:2.1 - xlconcat_0
Adding component instance block -- xilinx.com:ip:xlconcat:2.1 - xlconcat_1
Adding component instance block -- xilinx.com:ip:xlconcat:2.1 - xlconcat_2
Adding component instance block -- xilinx.com:module_ref:vhdlnoclk:1.0 - vhdlnoclk_0
Successfully read diagram <design_1> from block design file <D:/Nijssen_Cederic/download/PMODI2S2/project_1/project_1.srcs/sources_1/bd/design_1/design_1.bd>
open_bd_design: Time (s): cpu = 00:00:06 ; elapsed = 00:00:13 . Memory (MB): peak = 1552.641 ; gain = 0.000
